St Kilda: 2015 Round 1: 2015 Round 1: Hawthorn v Geelong: Winner: Hawthorn Margin: 22 Crowd: 77000
St Kilda: 2015 Round 1: 2015 Round 1: Hawthorn v Geelong: BOG: Daniel Howe (Hawks)
St Kilda: 2015 Round 1: 2015 Round 1: Hawthorn v Geelong: Winner: Geelong Margin: 22 Crowd: 77000
St Kilda: 2015 Round 1: 2015 Round 1: Hawthorn v Geelong: BOG: Daniel Howe (Hawks)
St Kilda: 2015 Round 1: 2015 Round 1: Hawthorn v Geelong: Winner: Geelong Margin: 22 Crowd: 77000
St Kilda: 2015 Round 1: 2015 Round 1: Hawthorn v Geelong: BOG: Daniel Howe (Hawks)
St Kilda: 2015 Round 1: 2015 Round 1: Hawthorn v Geelong: Winner: Geelong Margin: 67 Crowd: 77000
St Kilda: 2015 Round 1: 2015 Round 1: Hawthorn v Geelong: BOG: Daniel Howe (Hawks)
St Kilda: 2015 Round 1: 2015 Round 1: Hawthorn v Geelong: Winner: Geelong Margin: 67 Crowd: 77000
St Kilda: 2015 Round 1: 2015 Round 1: Hawthorn v Geelong: BOG: Daniel Howe (Hawks)
St Kilda: 2015 Round 1: 2015 Round 1: Hawthorn v Geelong: Winner: Geelong Margin: 22 Crowd: 77000
St Kilda: 2015 Round 1: 2015 Round 1: Hawthorn v Geelong: BOG: Daniel Howe (Hawks)
St Kilda: 2015 Round 1: 2015 Round 1: Hawthorn v Geelong: Winner: Geelong Margin: 22 Crowd: 77000
St Kilda: 2015 Round 1: 2015 Round 1: Hawthorn v Geelong: BOG: Daniel Howe (Hawks)
St Kilda: 2015 Round 1: 2015 Round 1: Hawthorn v Geelong: Winner: Geelong Margin: 22 Crowd: 77000
St Kilda: 2015 Round 1: 2015 Round 1: Hawthorn v Geelong: BOG: Daniel Howe (Hawks)
St Kilda: 2015 Round 1: 2015 Round 1: Hawthorn v Geelong: Winner: Geelong Margin: 22 Crowd: 77000
St Kilda: 2015 Round 1: 2015 Round 1: Hawthorn v Geelong: BOG: Daniel Howe (Hawks)
St Kilda: 2015 Round 1: 2015 Round 1: Hawthorn v Geelong: Winner: Geelong Margin: 22 Crowd: 77000
St Kilda: 2015 Round 1: 2015 Round 1: Hawthorn v Geelong: BOG: Daniel Howe (Hawks)
St Kilda: 2015 Round 1: 2015 Round 1: Hawthorn v Geelong: Winner: Geelong Margin: 22 Crowd: 77000
St Kilda: 2015 Round 1: 2015 Round 1: Hawthorn v Geelong: BOG: Daniel Howe (Hawks)
St Kilda: 2015 Round 1: 2015 Round 1: Hawthorn v Geelong: Winner: Geelong Margin: 22 Crowd: 77000
St Kilda: 2015 Round 1: 2015 Round 1: Hawthorn v Geelong: BOG: Daniel Howe (Hawks)
St Kilda: 2015 Round 1: 2015 Round 1: Hawthorn v Geelong: Winner: Geelong Margin: 22 Crowd: 77000
St Kilda: 2015 Round 1: 2015 Round 1: Hawthorn v Geelong: BOG: Daniel Howe (Hawks)
St Kilda: 2015 Round 1: 2015 Round 1: Hawthorn v Geelong: Winner: Geelong Margin: 22 Crowd: 77000
St Kilda: 2015 Round 1: 2015 Round 1: Hawthorn v Geelong: BOG: Daniel Howe (Hawks)
St Kilda: 2015 Round 1: 2015 Round 1: Hawthorn v Geelong: Winner: Geelong Margin: 22 Crowd: 77000
St Kilda: 2015 Round 1: 2015 Round 1: Hawthorn v Geelong: BOG: Daniel Howe (Hawks)
St Kilda: 2015 Round 1: 2015 Round 1: Hawthorn v Geelong: Winner: Geelong Margin: 22 Crowd: 77000
St Kilda: 2015 Round 1: 2015 Round 1: Hawthorn v Geelong: BOG: Daniel Howe (Hawks)
St Kilda: 2015 Round 1: 2015 Round 1: Hawthorn v Geelong: Winner: Geelong Margin: 22 Crowd: 77000
St Kilda: 2015 Round 1: 2015 Round 1: Hawthorn v Geelong: BOG: Daniel Howe (Hawks)
St Kilda: 2015 Round 1: Hawthorn v Geelong: Winner: Geelong Margin: 22 Crowd: 77000
St Kilda: 2015 Round 1: 2015 Round 1: Hawthorn v Geelong: BOG: Daniel Howe (Hawks)
St Kilda: 2015 Round 1: Hawthorn v Geelong: Winner: Geelong Margin: 22 Crowd: 77000
St Kilda: 2015 Round 1: Hawthorn v Geelong: BOG: Daniel Howe (Hawks)
St Kilda: 2015 Round 1: Hawthorn v Geelong: Winner: Geelong Margin: 22 Crowd: 77000
St Kilda: 2015 Round 1: Hawthorn v Geelong: BOG: Daniel Howe (Hawks)
St Kilda: 2015 Round 1: Hawthorn v Geelong: Winner: Geelong Margin: 22 Crowd: 77000
St Kilda: 2015 Round 1: Hawthorn v Geelong: BOG: Daniel Howe (Hawks)
St Kilda: 2015 Round 1: Hawthorn v Geelong: Winner: Geelong Margin: 22 Crowd: 77000
St Kilda: 2015 Round 1: Hawthorn v Geelong: BOG: Daniel Howe (Hawks)
St Kilda: 2015 Round 1: Hawthorn v Geelong: Winner: Geelong Margin: 22 Crowd: 77000
St Kilda: 2015 Round 1: Hawthorn v Geelong: BOG: Daniel Howe (Hawks)
St Kilda: 2015 Round 1: Hawthorn v Geelong: Winner: Geelong Margin: 22 Crowd: 77000
St Kilda: 2015 Round 1: Hawthorn v Geelong: BOG: Daniel Howe (Hawks)
St Kilda: 2015 Round 1: Hawthorn v Geelong: Winner: Geelong Margin: 22 Crowd: 77000
St Kilda: 2015 Round 1: Hawthorn v Geelong: BOG: Daniel Howe (Hawks)
